[0.074s] Invoking command in '/home/sunrise/digua_ws/build/digua_bringup': CMAKE_PREFIX_PATH=/home/sunrise/digua_ws/install/astra_camera:/home/sunrise/digua_ws/install/astra_camera_msgs:/home/sunrise/digua_ws/install/ydlidar_ros2_driver:/home/sunrise/digua_ws/install/digua_bringup:/home/sunrise/digua_ws/install/base_control_ros2:/opt/ros/humble LD_LIBRARY_PATH=/home/sunrise/digua_ws/install/astra_camera/lib:/home/sunrise/digua_ws/install/astra_camera_msgs/lib:/opt/ros/humble/opt/rviz_ogre_vendor/lib:/opt/ros/humble/lib/aarch64-linux-gnu:/opt/ros/humble/lib:/usr/hobot/lib:/app/lib:/app/pub/lib:/middleware/lib:/middleware/pub/lib:/usr/hobot/lib/sensor:/system/lib:/system/usr/lib:/lib /usr/bin/cmake /home/sunrise/digua_ws/src/digua_bringup -DCMAKE_INSTALL_PREFIX=/home/sunrise/digua_ws/install/digua_bringup
[0.245s] -- Found ament_cmake: 1.3.12 (/opt/ros/humble/share/ament_cmake/cmake)
[1.039s] -- Override CMake install command with custom implementation using symlinks instead of copying resources
[1.098s] -- Found ament_lint_auto: 0.12.14 (/opt/ros/humble/share/ament_lint_auto/cmake)
[1.553s] -- Added test 'flake8' to check Python code syntax and style conventions
[1.557s] -- Added test 'lint_cmake' to check CMake code style
[1.560s] -- Added test 'pep257' to check Python code against some of the docstring style conventions in PEP 257
[1.568s] -- Added test 'xmllint' to check XML markup files
[1.576s] -- Configuring done
[1.595s] -- Generating done
[1.603s] -- Build files have been written to: /home/sunrise/digua_ws/build/digua_bringup
[1.620s] Invoked command in '/home/sunrise/digua_ws/build/digua_bringup' returned '0': CMAKE_PREFIX_PATH=/home/sunrise/digua_ws/install/astra_camera:/home/sunrise/digua_ws/install/astra_camera_msgs:/home/sunrise/digua_ws/install/ydlidar_ros2_driver:/home/sunrise/digua_ws/install/digua_bringup:/home/sunrise/digua_ws/install/base_control_ros2:/opt/ros/humble LD_LIBRARY_PATH=/home/sunrise/digua_ws/install/astra_camera/lib:/home/sunrise/digua_ws/install/astra_camera_msgs/lib:/opt/ros/humble/opt/rviz_ogre_vendor/lib:/opt/ros/humble/lib/aarch64-linux-gnu:/opt/ros/humble/lib:/usr/hobot/lib:/app/lib:/app/pub/lib:/middleware/lib:/middleware/pub/lib:/usr/hobot/lib/sensor:/system/lib:/system/usr/lib:/lib /usr/bin/cmake /home/sunrise/digua_ws/src/digua_bringup -DCMAKE_INSTALL_PREFIX=/home/sunrise/digua_ws/install/digua_bringup
[1.629s] Invoking command in '/home/sunrise/digua_ws/build/digua_bringup': CMAKE_PREFIX_PATH=/home/sunrise/digua_ws/install/astra_camera:/home/sunrise/digua_ws/install/astra_camera_msgs:/home/sunrise/digua_ws/install/ydlidar_ros2_driver:/home/sunrise/digua_ws/install/digua_bringup:/home/sunrise/digua_ws/install/base_control_ros2:/opt/ros/humble LD_LIBRARY_PATH=/home/sunrise/digua_ws/install/astra_camera/lib:/home/sunrise/digua_ws/install/astra_camera_msgs/lib:/opt/ros/humble/opt/rviz_ogre_vendor/lib:/opt/ros/humble/lib/aarch64-linux-gnu:/opt/ros/humble/lib:/usr/hobot/lib:/app/lib:/app/pub/lib:/middleware/lib:/middleware/pub/lib:/usr/hobot/lib/sensor:/system/lib:/system/usr/lib:/lib /usr/bin/cmake --build /home/sunrise/digua_ws/build/digua_bringup -- -j8 -l8
[1.826s] Invoked command in '/home/sunrise/digua_ws/build/digua_bringup' returned '0': CMAKE_PREFIX_PATH=/home/sunrise/digua_ws/install/astra_camera:/home/sunrise/digua_ws/install/astra_camera_msgs:/home/sunrise/digua_ws/install/ydlidar_ros2_driver:/home/sunrise/digua_ws/install/digua_bringup:/home/sunrise/digua_ws/install/base_control_ros2:/opt/ros/humble LD_LIBRARY_PATH=/home/sunrise/digua_ws/install/astra_camera/lib:/home/sunrise/digua_ws/install/astra_camera_msgs/lib:/opt/ros/humble/opt/rviz_ogre_vendor/lib:/opt/ros/humble/lib/aarch64-linux-gnu:/opt/ros/humble/lib:/usr/hobot/lib:/app/lib:/app/pub/lib:/middleware/lib:/middleware/pub/lib:/usr/hobot/lib/sensor:/system/lib:/system/usr/lib:/lib /usr/bin/cmake --build /home/sunrise/digua_ws/build/digua_bringup -- -j8 -l8
[1.883s] Invoking command in '/home/sunrise/digua_ws/build/digua_bringup': CMAKE_PREFIX_PATH=/home/sunrise/digua_ws/install/astra_camera:/home/sunrise/digua_ws/install/astra_camera_msgs:/home/sunrise/digua_ws/install/ydlidar_ros2_driver:/home/sunrise/digua_ws/install/digua_bringup:/home/sunrise/digua_ws/install/base_control_ros2:/opt/ros/humble LD_LIBRARY_PATH=/home/sunrise/digua_ws/install/astra_camera/lib:/home/sunrise/digua_ws/install/astra_camera_msgs/lib:/opt/ros/humble/opt/rviz_ogre_vendor/lib:/opt/ros/humble/lib/aarch64-linux-gnu:/opt/ros/humble/lib:/usr/hobot/lib:/app/lib:/app/pub/lib:/middleware/lib:/middleware/pub/lib:/usr/hobot/lib/sensor:/system/lib:/system/usr/lib:/lib /usr/bin/cmake --install /home/sunrise/digua_ws/build/digua_bringup
[1.916s] -- Install configuration: ""
[1.917s] -- Execute custom install script
[1.919s] -- Symlinking: /home/sunrise/digua_ws/install/digua_bringup/share/digua_bringup/launch/ekf.launch.py
[1.960s] -- Up-to-date symlink: /home/sunrise/digua_ws/install/digua_bringup/share/digua_bringup/launch/lidar_x2.launch.py
[1.961s] -- Up-to-date symlink: /home/sunrise/digua_ws/install/digua_bringup/share/digua_bringup/launch/rgbd_sync.launch.xml
[1.963s] -- Symlinking: /home/sunrise/digua_ws/install/digua_bringup/share/digua_bringup/config/ekf.yaml
[2.002s] -- Up-to-date symlink: /home/sunrise/digua_ws/install/digua_bringup/share/ament_index/resource_index/package_run_dependencies/digua_bringup
[2.004s] -- Up-to-date symlink: /home/sunrise/digua_ws/install/digua_bringup/share/ament_index/resource_index/parent_prefix_path/digua_bringup
[2.005s] -- Up-to-date symlink: /home/sunrise/digua_ws/install/digua_bringup/share/digua_bringup/environment/ament_prefix_path.sh
[2.006s] -- Up-to-date symlink: /home/sunrise/digua_ws/install/digua_bringup/share/digua_bringup/environment/ament_prefix_path.dsv
[2.006s] -- Up-to-date symlink: /home/sunrise/digua_ws/install/digua_bringup/share/digua_bringup/environment/path.sh
[2.007s] -- Up-to-date symlink: /home/sunrise/digua_ws/install/digua_bringup/share/digua_bringup/environment/path.dsv
[2.008s] -- Up-to-date symlink: /home/sunrise/digua_ws/install/digua_bringup/share/digua_bringup/local_setup.bash
[2.010s] -- Up-to-date symlink: /home/sunrise/digua_ws/install/digua_bringup/share/digua_bringup/local_setup.sh
[2.011s] -- Up-to-date symlink: /home/sunrise/digua_ws/install/digua_bringup/share/digua_bringup/local_setup.zsh
[2.012s] -- Up-to-date symlink: /home/sunrise/digua_ws/install/digua_bringup/share/digua_bringup/local_setup.dsv
[2.012s] -- Symlinking: /home/sunrise/digua_ws/install/digua_bringup/share/digua_bringup/package.dsv
[2.052s] -- Up-to-date symlink: /home/sunrise/digua_ws/install/digua_bringup/share/ament_index/resource_index/packages/digua_bringup
[2.053s] -- Up-to-date symlink: /home/sunrise/digua_ws/install/digua_bringup/share/digua_bringup/cmake/digua_bringupConfig.cmake
[2.054s] -- Up-to-date symlink: /home/sunrise/digua_ws/install/digua_bringup/share/digua_bringup/cmake/digua_bringupConfig-version.cmake
[2.055s] -- Up-to-date symlink: /home/sunrise/digua_ws/install/digua_bringup/share/digua_bringup/package.xml
[2.064s] Invoked command in '/home/sunrise/digua_ws/build/digua_bringup' returned '0': CMAKE_PREFIX_PATH=/home/sunrise/digua_ws/install/astra_camera:/home/sunrise/digua_ws/install/astra_camera_msgs:/home/sunrise/digua_ws/install/ydlidar_ros2_driver:/home/sunrise/digua_ws/install/digua_bringup:/home/sunrise/digua_ws/install/base_control_ros2:/opt/ros/humble LD_LIBRARY_PATH=/home/sunrise/digua_ws/install/astra_camera/lib:/home/sunrise/digua_ws/install/astra_camera_msgs/lib:/opt/ros/humble/opt/rviz_ogre_vendor/lib:/opt/ros/humble/lib/aarch64-linux-gnu:/opt/ros/humble/lib:/usr/hobot/lib:/app/lib:/app/pub/lib:/middleware/lib:/middleware/pub/lib:/usr/hobot/lib/sensor:/system/lib:/system/usr/lib:/lib /usr/bin/cmake --install /home/sunrise/digua_ws/build/digua_bringup
