[3.718s] Invoking command in '/home/sunrise/digua_ws/src/base_control_ros2': PYTHONPATH=/home/sunrise/digua_ws/build/base_control_ros2/prefix_override:/usr/lib/python3/dist-packages/colcon_core/task/python/colcon_distutils_commands:/home/sunrise/digua_ws/install/base_control_ros2/lib/python3.10/site-packages:${PYTHONPATH} /usr/bin/python3 -W ignore:setup.py install is deprecated -W ignore:easy_install command is deprecated setup.py egg_info --egg-base ../../build/base_control_ros2 build --build-base /home/sunrise/digua_ws/build/base_control_ros2/build install --record /home/sunrise/digua_ws/build/base_control_ros2/install.log --single-version-externally-managed install_data
[4.595s] /usr/local/lib/python3.10/dist-packages/setuptools/_distutils/dist.py:289: UserWarning: Unknown distribution option: 'tests_require'
[4.596s]   warnings.warn(msg)
[5.114s] running egg_info
[5.198s] creating ../../build/base_control_ros2/base_control_ros2.egg-info
[5.199s] writing ../../build/base_control_ros2/base_control_ros2.egg-info/PKG-INFO
[5.201s] writing dependency_links to ../../build/base_control_ros2/base_control_ros2.egg-info/dependency_links.txt
[5.202s] writing entry points to ../../build/base_control_ros2/base_control_ros2.egg-info/entry_points.txt
[5.203s] writing requirements to ../../build/base_control_ros2/base_control_ros2.egg-info/requires.txt
[5.204s] writing top-level names to ../../build/base_control_ros2/base_control_ros2.egg-info/top_level.txt
[5.204s] writing manifest file '../../build/base_control_ros2/base_control_ros2.egg-info/SOURCES.txt'
[5.382s] reading manifest file '../../build/base_control_ros2/base_control_ros2.egg-info/SOURCES.txt'
[5.389s] writing manifest file '../../build/base_control_ros2/base_control_ros2.egg-info/SOURCES.txt'
[5.390s] running build
[5.391s] running build_py
[5.391s] creating /home/sunrise/digua_ws/build/base_control_ros2/build/lib/base_control_ros2
[5.392s] copying base_control_ros2/test_node.py -> /home/sunrise/digua_ws/build/base_control_ros2/build/lib/base_control_ros2
[5.394s] copying base_control_ros2/__init__.py -> /home/sunrise/digua_ws/build/base_control_ros2/build/lib/base_control_ros2
[5.395s] copying base_control_ros2/base_control_ros2.py -> /home/sunrise/digua_ws/build/base_control_ros2/build/lib/base_control_ros2
[5.396s] copying base_control_ros2/loopqueue.py -> /home/sunrise/digua_ws/build/base_control_ros2/build/lib/base_control_ros2
[5.398s] running install
[5.428s] running install_lib
[5.512s] creating /home/sunrise/digua_ws/install/base_control_ros2/lib/python3.10/site-packages/base_control_ros2
[5.513s] copying /home/sunrise/digua_ws/build/base_control_ros2/build/lib/base_control_ros2/test_node.py -> /home/sunrise/digua_ws/install/base_control_ros2/lib/python3.10/site-packages/base_control_ros2
[5.514s] copying /home/sunrise/digua_ws/build/base_control_ros2/build/lib/base_control_ros2/__init__.py -> /home/sunrise/digua_ws/install/base_control_ros2/lib/python3.10/site-packages/base_control_ros2
[5.514s] copying /home/sunrise/digua_ws/build/base_control_ros2/build/lib/base_control_ros2/base_control_ros2.py -> /home/sunrise/digua_ws/install/base_control_ros2/lib/python3.10/site-packages/base_control_ros2
[5.515s] copying /home/sunrise/digua_ws/build/base_control_ros2/build/lib/base_control_ros2/loopqueue.py -> /home/sunrise/digua_ws/install/base_control_ros2/lib/python3.10/site-packages/base_control_ros2
[5.518s] byte-compiling /home/sunrise/digua_ws/install/base_control_ros2/lib/python3.10/site-packages/base_control_ros2/test_node.py to test_node.cpython-310.pyc
[5.520s] byte-compiling /home/sunrise/digua_ws/install/base_control_ros2/lib/python3.10/site-packages/base_control_ros2/__init__.py to __init__.cpython-310.pyc
[5.521s] byte-compiling /home/sunrise/digua_ws/install/base_control_ros2/lib/python3.10/site-packages/base_control_ros2/base_control_ros2.py to base_control_ros2.cpython-310.pyc
[5.545s] byte-compiling /home/sunrise/digua_ws/install/base_control_ros2/lib/python3.10/site-packages/base_control_ros2/loopqueue.py to loopqueue.cpython-310.pyc
[5.547s] running install_data
[5.548s] creating /home/sunrise/digua_ws/install/base_control_ros2/share/ament_index/resource_index/packages
[5.549s] copying resource/base_control_ros2 -> /home/sunrise/digua_ws/install/base_control_ros2/share/ament_index/resource_index/packages
[5.550s] copying package.xml -> /home/sunrise/digua_ws/install/base_control_ros2/share/base_control_ros2
[5.551s] creating /home/sunrise/digua_ws/install/base_control_ros2/share/base_control_ros2/launch
[5.552s] copying launch/base_control.launch.py -> /home/sunrise/digua_ws/install/base_control_ros2/share/base_control_ros2/launch
[5.553s] running install_egg_info
[5.642s] Copying ../../build/base_control_ros2/base_control_ros2.egg-info to /home/sunrise/digua_ws/install/base_control_ros2/lib/python3.10/site-packages/base_control_ros2-0.1.0-py3.10.egg-info
[5.647s] running install_scripts
[5.826s] Installing base_control_node script to /home/sunrise/digua_ws/install/base_control_ros2/lib/base_control_ros2
[5.827s] Installing test_node script to /home/sunrise/digua_ws/install/base_control_ros2/lib/base_control_ros2
[5.830s] writing list of installed files to '/home/sunrise/digua_ws/build/base_control_ros2/install.log'
[6.034s] Invoked command in '/home/sunrise/digua_ws/src/base_control_ros2' returned '0': PYTHONPATH=/home/sunrise/digua_ws/build/base_control_ros2/prefix_override:/usr/lib/python3/dist-packages/colcon_core/task/python/colcon_distutils_commands:/home/sunrise/digua_ws/install/base_control_ros2/lib/python3.10/site-packages:${PYTHONPATH} /usr/bin/python3 -W ignore:setup.py install is deprecated -W ignore:easy_install command is deprecated setup.py egg_info --egg-base ../../build/base_control_ros2 build --build-base /home/sunrise/digua_ws/build/base_control_ros2/build install --record /home/sunrise/digua_ws/build/base_control_ros2/install.log --single-version-externally-managed install_data
